2019-10-22-09-07 [http-nio-9901-exec-1] [freemarker.cache] [DEBUG] - Couldn't find template in cache for "eureka/status.ftl"("zh_CN", UTF-8, parsed); will try to load it.
2019-10-22-09-07 [http-nio-9901-exec-1] [freemarker.cache] [DEBUG] - TemplateLoader.findTemplateSource("eureka/status_zh_CN.ftl"): Not found
2019-10-22-09-07 [http-nio-9901-exec-1] [freemarker.cache] [DEBUG] - TemplateLoader.findTemplateSource("eureka/status_zh.ftl"): Not found
2019-10-22-09-07 [http-nio-9901-exec-1] [freemarker.cache] [DEBUG] - TemplateLoader.findTemplateSource("eureka/status.ftl"): Found
2019-10-22-09-07 [http-nio-9901-exec-1] [freemarker.cache] [DEBUG] - Loading template for "eureka/status.ftl"("zh_CN", UTF-8, parsed) from "class path resource [templates/eureka/status.ftl]"
2019-10-22-09-07 [http-nio-9901-exec-1] [freemarker.cache] [DEBUG] - "eureka/status.ftl"("zh_CN", UTF-8, parsed) cached copy not yet stale; using cached.
2019-10-22-09-07 [http-nio-9901-exec-1] [freemarker.cache] [DEBUG] - Couldn't find template in cache for "spring.ftl"("zh_CN", UTF-8, parsed); will try to load it.
2019-10-22-09-07 [http-nio-9901-exec-1] [freemarker.cache] [DEBUG] - TemplateLoader.findTemplateSource("spring_zh_CN.ftl"): Not found
2019-10-22-09-07 [http-nio-9901-exec-1] [freemarker.cache] [DEBUG] - TemplateLoader.findTemplateSource("spring_zh.ftl"): Not found
2019-10-22-09-07 [http-nio-9901-exec-1] [freemarker.cache] [DEBUG] - TemplateLoader.findTemplateSource("spring.ftl"): Found
2019-10-22-09-07 [http-nio-9901-exec-1] [freemarker.cache] [DEBUG] - Loading template for "spring.ftl"("zh_CN", UTF-8, parsed) from "jar:file:/Users/chenyp/.m2/repository/org/springframework/spring-webmvc/5.0.7.RELEASE/spring-webmvc-5.0.7.RELEASE.jar!/org/springframework/web/servlet/view/freemarker/spring.ftl"
2019-10-22-09-07 [http-nio-9901-exec-1] [freemarker.cache] [DEBUG] - Couldn't find template in cache for "eureka/header.ftl"("zh_CN", UTF-8, parsed); will try to load it.
2019-10-22-09-07 [http-nio-9901-exec-1] [freemarker.cache] [DEBUG] - TemplateLoader.findTemplateSource("eureka/header_zh_CN.ftl"): Not found
2019-10-22-09-07 [http-nio-9901-exec-1] [freemarker.cache] [DEBUG] - TemplateLoader.findTemplateSource("eureka/header_zh.ftl"): Not found
2019-10-22-09-07 [http-nio-9901-exec-1] [freemarker.cache] [DEBUG] - TemplateLoader.findTemplateSource("eureka/header.ftl"): Found
2019-10-22-09-07 [http-nio-9901-exec-1] [freemarker.cache] [DEBUG] - Loading template for "eureka/header.ftl"("zh_CN", UTF-8, parsed) from "class path resource [templates/eureka/header.ftl]"
2019-10-22-09-07 [http-nio-9901-exec-1] [freemarker.cache] [DEBUG] - "spring.ftl"("zh_CN", UTF-8, parsed) cached copy not yet stale; using cached.
2019-10-22-09-07 [http-nio-9901-exec-1] [freemarker.cache] [DEBUG] - Couldn't find template in cache for "eureka/navbar.ftl"("zh_CN", UTF-8, parsed); will try to load it.
2019-10-22-09-07 [http-nio-9901-exec-1] [freemarker.cache] [DEBUG] - TemplateLoader.findTemplateSource("eureka/navbar_zh_CN.ftl"): Not found
2019-10-22-09-07 [http-nio-9901-exec-1] [freemarker.cache] [DEBUG] - TemplateLoader.findTemplateSource("eureka/navbar_zh.ftl"): Not found
2019-10-22-09-07 [http-nio-9901-exec-1] [freemarker.cache] [DEBUG] - TemplateLoader.findTemplateSource("eureka/navbar.ftl"): Found
2019-10-22-09-07 [http-nio-9901-exec-1] [freemarker.cache] [DEBUG] - Loading template for "eureka/navbar.ftl"("zh_CN", UTF-8, parsed) from "class path resource [templates/eureka/navbar.ftl]"
2019-10-22-09-07 [http-nio-9901-exec-6] [freemarker.cache] [DEBUG] - TemplateLoader.findTemplateSource("eureka/status_zh_CN.ftl"): Not found
2019-10-22-09-07 [http-nio-9901-exec-6] [freemarker.cache] [DEBUG] - TemplateLoader.findTemplateSource("eureka/status_zh.ftl"): Not found
2019-10-22-09-07 [http-nio-9901-exec-6] [freemarker.cache] [DEBUG] - TemplateLoader.findTemplateSource("eureka/status.ftl"): Found
2019-10-22-09-07 [http-nio-9901-exec-6] [freemarker.cache] [DEBUG] - "eureka/status.ftl"("zh_CN", UTF-8, parsed): using cached since class path resource [templates/eureka/status.ftl] hasn't changed.
2019-10-22-09-07 [http-nio-9901-exec-6] [freemarker.cache] [DEBUG] - "eureka/status.ftl"("zh_CN", UTF-8, parsed) cached copy not yet stale; using cached.
2019-10-22-09-07 [http-nio-9901-exec-6] [freemarker.cache] [DEBUG] - TemplateLoader.findTemplateSource("spring_zh_CN.ftl"): Not found
2019-10-22-09-07 [http-nio-9901-exec-6] [freemarker.cache] [DEBUG] - TemplateLoader.findTemplateSource("spring_zh.ftl"): Not found
2019-10-22-09-07 [http-nio-9901-exec-6] [freemarker.cache] [DEBUG] - TemplateLoader.findTemplateSource("spring.ftl"): Found
2019-10-22-09-07 [http-nio-9901-exec-6] [freemarker.cache] [DEBUG] - "spring.ftl"("zh_CN", UTF-8, parsed): using cached since jar:file:/Users/chenyp/.m2/repository/org/springframework/spring-webmvc/5.0.7.RELEASE/spring-webmvc-5.0.7.RELEASE.jar!/org/springframework/web/servlet/view/freemarker/spring.ftl hasn't changed.
2019-10-22-09-07 [http-nio-9901-exec-6] [freemarker.cache] [DEBUG] - TemplateLoader.findTemplateSource("eureka/header_zh_CN.ftl"): Not found
2019-10-22-09-07 [http-nio-9901-exec-6] [freemarker.cache] [DEBUG] - TemplateLoader.findTemplateSource("eureka/header_zh.ftl"): Not found
2019-10-22-09-07 [http-nio-9901-exec-6] [freemarker.cache] [DEBUG] - TemplateLoader.findTemplateSource("eureka/header.ftl"): Found
2019-10-22-09-07 [http-nio-9901-exec-6] [freemarker.cache] [DEBUG] - "eureka/header.ftl"("zh_CN", UTF-8, parsed): using cached since class path resource [templates/eureka/header.ftl] hasn't changed.
2019-10-22-09-07 [http-nio-9901-exec-6] [freemarker.cache] [DEBUG] - "spring.ftl"("zh_CN", UTF-8, parsed) cached copy not yet stale; using cached.
2019-10-22-09-07 [http-nio-9901-exec-6] [freemarker.cache] [DEBUG] - TemplateLoader.findTemplateSource("eureka/navbar_zh_CN.ftl"): Not found
2019-10-22-09-07 [http-nio-9901-exec-6] [freemarker.cache] [DEBUG] - TemplateLoader.findTemplateSource("eureka/navbar_zh.ftl"): Not found
2019-10-22-09-07 [http-nio-9901-exec-6] [freemarker.cache] [DEBUG] - TemplateLoader.findTemplateSource("eureka/navbar.ftl"): Found
2019-10-22-09-07 [http-nio-9901-exec-6] [freemarker.cache] [DEBUG] - "eureka/navbar.ftl"("zh_CN", UTF-8, parsed): using cached since class path resource [templates/eureka/navbar.ftl] hasn't changed.
2019-10-22-09-08 [http-nio-9901-exec-5] [freemarker.cache] [DEBUG] - TemplateLoader.findTemplateSource("eureka/status_zh_CN.ftl"): Not found
2019-10-22-09-08 [http-nio-9901-exec-5] [freemarker.cache] [DEBUG] - TemplateLoader.findTemplateSource("eureka/status_zh.ftl"): Not found
2019-10-22-09-08 [http-nio-9901-exec-5] [freemarker.cache] [DEBUG] - TemplateLoader.findTemplateSource("eureka/status.ftl"): Found
2019-10-22-09-08 [http-nio-9901-exec-5] [freemarker.cache] [DEBUG] - "eureka/status.ftl"("zh_CN", UTF-8, parsed): using cached since class path resource [templates/eureka/status.ftl] hasn't changed.
2019-10-22-09-08 [http-nio-9901-exec-5] [freemarker.cache] [DEBUG] - "eureka/status.ftl"("zh_CN", UTF-8, parsed) cached copy not yet stale; using cached.
2019-10-22-09-08 [http-nio-9901-exec-5] [freemarker.cache] [DEBUG] - TemplateLoader.findTemplateSource("spring_zh_CN.ftl"): Not found
2019-10-22-09-08 [http-nio-9901-exec-5] [freemarker.cache] [DEBUG] - TemplateLoader.findTemplateSource("spring_zh.ftl"): Not found
2019-10-22-09-08 [http-nio-9901-exec-5] [freemarker.cache] [DEBUG] - TemplateLoader.findTemplateSource("spring.ftl"): Found
2019-10-22-09-08 [http-nio-9901-exec-5] [freemarker.cache] [DEBUG] - "spring.ftl"("zh_CN", UTF-8, parsed): using cached since jar:file:/Users/chenyp/.m2/repository/org/springframework/spring-webmvc/5.0.7.RELEASE/spring-webmvc-5.0.7.RELEASE.jar!/org/springframework/web/servlet/view/freemarker/spring.ftl hasn't changed.
2019-10-22-09-08 [http-nio-9901-exec-5] [freemarker.cache] [DEBUG] - TemplateLoader.findTemplateSource("eureka/header_zh_CN.ftl"): Not found
2019-10-22-09-08 [http-nio-9901-exec-5] [freemarker.cache] [DEBUG] - TemplateLoader.findTemplateSource("eureka/header_zh.ftl"): Not found
2019-10-22-09-08 [http-nio-9901-exec-5] [freemarker.cache] [DEBUG] - TemplateLoader.findTemplateSource("eureka/header.ftl"): Found
2019-10-22-09-08 [http-nio-9901-exec-5] [freemarker.cache] [DEBUG] - "eureka/header.ftl"("zh_CN", UTF-8, parsed): using cached since class path resource [templates/eureka/header.ftl] hasn't changed.
2019-10-22-09-08 [http-nio-9901-exec-5] [freemarker.cache] [DEBUG] - "spring.ftl"("zh_CN", UTF-8, parsed) cached copy not yet stale; using cached.
2019-10-22-09-08 [http-nio-9901-exec-5] [freemarker.cache] [DEBUG] - TemplateLoader.findTemplateSource("eureka/navbar_zh_CN.ftl"): Not found
2019-10-22-09-08 [http-nio-9901-exec-5] [freemarker.cache] [DEBUG] - TemplateLoader.findTemplateSource("eureka/navbar_zh.ftl"): Not found
2019-10-22-09-08 [http-nio-9901-exec-5] [freemarker.cache] [DEBUG] - TemplateLoader.findTemplateSource("eureka/navbar.ftl"): Found
2019-10-22-09-08 [http-nio-9901-exec-5] [freemarker.cache] [DEBUG] - "eureka/navbar.ftl"("zh_CN", UTF-8, parsed): using cached since class path resource [templates/eureka/navbar.ftl] hasn't changed.
2019-10-22-09-37 [http-nio-9901-exec-10] [freemarker.cache] [DEBUG] - TemplateLoader.findTemplateSource("eureka/status_zh_CN.ftl"): Not found
2019-10-22-09-37 [http-nio-9901-exec-10] [freemarker.cache] [DEBUG] - TemplateLoader.findTemplateSource("eureka/status_zh.ftl"): Not found
2019-10-22-09-37 [http-nio-9901-exec-10] [freemarker.cache] [DEBUG] - TemplateLoader.findTemplateSource("eureka/status.ftl"): Found
2019-10-22-09-37 [http-nio-9901-exec-10] [freemarker.cache] [DEBUG] - "eureka/status.ftl"("zh_CN", UTF-8, parsed): using cached since class path resource [templates/eureka/status.ftl] hasn't changed.
2019-10-22-09-37 [http-nio-9901-exec-10] [freemarker.cache] [DEBUG] - "eureka/status.ftl"("zh_CN", UTF-8, parsed) cached copy not yet stale; using cached.
2019-10-22-09-37 [http-nio-9901-exec-10] [freemarker.cache] [DEBUG] - TemplateLoader.findTemplateSource("spring_zh_CN.ftl"): Not found
2019-10-22-09-37 [http-nio-9901-exec-10] [freemarker.cache] [DEBUG] - TemplateLoader.findTemplateSource("spring_zh.ftl"): Not found
2019-10-22-09-37 [http-nio-9901-exec-10] [freemarker.cache] [DEBUG] - TemplateLoader.findTemplateSource("spring.ftl"): Found
2019-10-22-09-37 [http-nio-9901-exec-10] [freemarker.cache] [DEBUG] - "spring.ftl"("zh_CN", UTF-8, parsed): using cached since jar:file:/Users/chenyp/.m2/repository/org/springframework/spring-webmvc/5.0.7.RELEASE/spring-webmvc-5.0.7.RELEASE.jar!/org/springframework/web/servlet/view/freemarker/spring.ftl hasn't changed.
2019-10-22-09-37 [http-nio-9901-exec-10] [freemarker.cache] [DEBUG] - TemplateLoader.findTemplateSource("eureka/header_zh_CN.ftl"): Not found
2019-10-22-09-37 [http-nio-9901-exec-10] [freemarker.cache] [DEBUG] - TemplateLoader.findTemplateSource("eureka/header_zh.ftl"): Not found
2019-10-22-09-37 [http-nio-9901-exec-10] [freemarker.cache] [DEBUG] - TemplateLoader.findTemplateSource("eureka/header.ftl"): Found
2019-10-22-09-37 [http-nio-9901-exec-10] [freemarker.cache] [DEBUG] - "eureka/header.ftl"("zh_CN", UTF-8, parsed): using cached since class path resource [templates/eureka/header.ftl] hasn't changed.
2019-10-22-09-37 [http-nio-9901-exec-10] [freemarker.cache] [DEBUG] - "spring.ftl"("zh_CN", UTF-8, parsed) cached copy not yet stale; using cached.
2019-10-22-09-37 [http-nio-9901-exec-10] [freemarker.cache] [DEBUG] - TemplateLoader.findTemplateSource("eureka/navbar_zh_CN.ftl"): Not found
2019-10-22-09-37 [http-nio-9901-exec-10] [freemarker.cache] [DEBUG] - TemplateLoader.findTemplateSource("eureka/navbar_zh.ftl"): Not found
2019-10-22-09-37 [http-nio-9901-exec-10] [freemarker.cache] [DEBUG] - TemplateLoader.findTemplateSource("eureka/navbar.ftl"): Found
2019-10-22-09-37 [http-nio-9901-exec-10] [freemarker.cache] [DEBUG] - "eureka/navbar.ftl"("zh_CN", UTF-8, parsed): using cached since class path resource [templates/eureka/navbar.ftl] hasn't changed.
2019-10-22-09-38 [http-nio-9901-exec-2] [freemarker.cache] [DEBUG] - TemplateLoader.findTemplateSource("eureka/status_zh_CN.ftl"): Not found
2019-10-22-09-38 [http-nio-9901-exec-2] [freemarker.cache] [DEBUG] - TemplateLoader.findTemplateSource("eureka/status_zh.ftl"): Not found
2019-10-22-09-38 [http-nio-9901-exec-2] [freemarker.cache] [DEBUG] - TemplateLoader.findTemplateSource("eureka/status.ftl"): Found
2019-10-22-09-38 [http-nio-9901-exec-2] [freemarker.cache] [DEBUG] - "eureka/status.ftl"("zh_CN", UTF-8, parsed): using cached since class path resource [templates/eureka/status.ftl] hasn't changed.
2019-10-22-09-38 [http-nio-9901-exec-2] [freemarker.cache] [DEBUG] - "eureka/status.ftl"("zh_CN", UTF-8, parsed) cached copy not yet stale; using cached.
2019-10-22-09-38 [http-nio-9901-exec-2] [freemarker.cache] [DEBUG] - TemplateLoader.findTemplateSource("spring_zh_CN.ftl"): Not found
2019-10-22-09-38 [http-nio-9901-exec-2] [freemarker.cache] [DEBUG] - TemplateLoader.findTemplateSource("spring_zh.ftl"): Not found
2019-10-22-09-38 [http-nio-9901-exec-2] [freemarker.cache] [DEBUG] - TemplateLoader.findTemplateSource("spring.ftl"): Found
2019-10-22-09-38 [http-nio-9901-exec-2] [freemarker.cache] [DEBUG] - "spring.ftl"("zh_CN", UTF-8, parsed): using cached since jar:file:/Users/chenyp/.m2/repository/org/springframework/spring-webmvc/5.0.7.RELEASE/spring-webmvc-5.0.7.RELEASE.jar!/org/springframework/web/servlet/view/freemarker/spring.ftl hasn't changed.
2019-10-22-09-38 [http-nio-9901-exec-2] [freemarker.cache] [DEBUG] - TemplateLoader.findTemplateSource("eureka/header_zh_CN.ftl"): Not found
2019-10-22-09-38 [http-nio-9901-exec-2] [freemarker.cache] [DEBUG] - TemplateLoader.findTemplateSource("eureka/header_zh.ftl"): Not found
2019-10-22-09-38 [http-nio-9901-exec-2] [freemarker.cache] [DEBUG] - TemplateLoader.findTemplateSource("eureka/header.ftl"): Found
2019-10-22-09-38 [http-nio-9901-exec-2] [freemarker.cache] [DEBUG] - "eureka/header.ftl"("zh_CN", UTF-8, parsed): using cached since class path resource [templates/eureka/header.ftl] hasn't changed.
2019-10-22-09-38 [http-nio-9901-exec-2] [freemarker.cache] [DEBUG] - "spring.ftl"("zh_CN", UTF-8, parsed) cached copy not yet stale; using cached.
2019-10-22-09-38 [http-nio-9901-exec-2] [freemarker.cache] [DEBUG] - TemplateLoader.findTemplateSource("eureka/navbar_zh_CN.ftl"): Not found
2019-10-22-09-38 [http-nio-9901-exec-2] [freemarker.cache] [DEBUG] - TemplateLoader.findTemplateSource("eureka/navbar_zh.ftl"): Not found
2019-10-22-09-38 [http-nio-9901-exec-2] [freemarker.cache] [DEBUG] - TemplateLoader.findTemplateSource("eureka/navbar.ftl"): Found
2019-10-22-09-38 [http-nio-9901-exec-2] [freemarker.cache] [DEBUG] - "eureka/navbar.ftl"("zh_CN", UTF-8, parsed): using cached since class path resource [templates/eureka/navbar.ftl] hasn't changed.
2019-10-22-10-12 [http-nio-9901-exec-9] [freemarker.cache] [DEBUG] - TemplateLoader.findTemplateSource("eureka/status_zh_CN.ftl"): Not found
2019-10-22-10-12 [http-nio-9901-exec-9] [freemarker.cache] [DEBUG] - TemplateLoader.findTemplateSource("eureka/status_zh.ftl"): Not found
2019-10-22-10-12 [http-nio-9901-exec-9] [freemarker.cache] [DEBUG] - TemplateLoader.findTemplateSource("eureka/status.ftl"): Found
2019-10-22-10-12 [http-nio-9901-exec-9] [freemarker.cache] [DEBUG] - "eureka/status.ftl"("zh_CN", UTF-8, parsed): using cached since class path resource [templates/eureka/status.ftl] hasn't changed.
2019-10-22-10-12 [http-nio-9901-exec-9] [freemarker.cache] [DEBUG] - "eureka/status.ftl"("zh_CN", UTF-8, parsed) cached copy not yet stale; using cached.
2019-10-22-10-12 [http-nio-9901-exec-9] [freemarker.cache] [DEBUG] - TemplateLoader.findTemplateSource("spring_zh_CN.ftl"): Not found
2019-10-22-10-12 [http-nio-9901-exec-9] [freemarker.cache] [DEBUG] - TemplateLoader.findTemplateSource("spring_zh.ftl"): Not found
2019-10-22-10-12 [http-nio-9901-exec-9] [freemarker.cache] [DEBUG] - TemplateLoader.findTemplateSource("spring.ftl"): Found
2019-10-22-10-12 [http-nio-9901-exec-9] [freemarker.cache] [DEBUG] - "spring.ftl"("zh_CN", UTF-8, parsed): using cached since jar:file:/Users/chenyp/.m2/repository/org/springframework/spring-webmvc/5.0.7.RELEASE/spring-webmvc-5.0.7.RELEASE.jar!/org/springframework/web/servlet/view/freemarker/spring.ftl hasn't changed.
2019-10-22-10-12 [http-nio-9901-exec-9] [freemarker.cache] [DEBUG] - TemplateLoader.findTemplateSource("eureka/header_zh_CN.ftl"): Not found
2019-10-22-10-12 [http-nio-9901-exec-9] [freemarker.cache] [DEBUG] - TemplateLoader.findTemplateSource("eureka/header_zh.ftl"): Not found
2019-10-22-10-12 [http-nio-9901-exec-9] [freemarker.cache] [DEBUG] - TemplateLoader.findTemplateSource("eureka/header.ftl"): Found
2019-10-22-10-12 [http-nio-9901-exec-9] [freemarker.cache] [DEBUG] - "eureka/header.ftl"("zh_CN", UTF-8, parsed): using cached since class path resource [templates/eureka/header.ftl] hasn't changed.
2019-10-22-10-12 [http-nio-9901-exec-9] [freemarker.cache] [DEBUG] - "spring.ftl"("zh_CN", UTF-8, parsed) cached copy not yet stale; using cached.
2019-10-22-10-12 [http-nio-9901-exec-9] [freemarker.cache] [DEBUG] - TemplateLoader.findTemplateSource("eureka/navbar_zh_CN.ftl"): Not found
2019-10-22-10-12 [http-nio-9901-exec-9] [freemarker.cache] [DEBUG] - TemplateLoader.findTemplateSource("eureka/navbar_zh.ftl"): Not found
2019-10-22-10-12 [http-nio-9901-exec-9] [freemarker.cache] [DEBUG] - TemplateLoader.findTemplateSource("eureka/navbar.ftl"): Found
2019-10-22-10-12 [http-nio-9901-exec-9] [freemarker.cache] [DEBUG] - "eureka/navbar.ftl"("zh_CN", UTF-8, parsed): using cached since class path resource [templates/eureka/navbar.ftl] hasn't changed.
2019-10-22-11-02 [http-nio-9901-exec-7] [freemarker.cache] [DEBUG] - TemplateLoader.findTemplateSource("eureka/status_zh_CN.ftl"): Not found
2019-10-22-11-02 [http-nio-9901-exec-7] [freemarker.cache] [DEBUG] - TemplateLoader.findTemplateSource("eureka/status_zh.ftl"): Not found
2019-10-22-11-02 [http-nio-9901-exec-7] [freemarker.cache] [DEBUG] - TemplateLoader.findTemplateSource("eureka/status.ftl"): Found
2019-10-22-11-02 [http-nio-9901-exec-7] [freemarker.cache] [DEBUG] - "eureka/status.ftl"("zh_CN", UTF-8, parsed): using cached since class path resource [templates/eureka/status.ftl] hasn't changed.
2019-10-22-11-02 [http-nio-9901-exec-7] [freemarker.cache] [DEBUG] - "eureka/status.ftl"("zh_CN", UTF-8, parsed) cached copy not yet stale; using cached.
2019-10-22-11-02 [http-nio-9901-exec-7] [freemarker.cache] [DEBUG] - TemplateLoader.findTemplateSource("spring_zh_CN.ftl"): Not found
2019-10-22-11-02 [http-nio-9901-exec-7] [freemarker.cache] [DEBUG] - TemplateLoader.findTemplateSource("spring_zh.ftl"): Not found
2019-10-22-11-02 [http-nio-9901-exec-7] [freemarker.cache] [DEBUG] - TemplateLoader.findTemplateSource("spring.ftl"): Found
2019-10-22-11-02 [http-nio-9901-exec-7] [freemarker.cache] [DEBUG] - "spring.ftl"("zh_CN", UTF-8, parsed): using cached since jar:file:/Users/chenyp/.m2/repository/org/springframework/spring-webmvc/5.0.7.RELEASE/spring-webmvc-5.0.7.RELEASE.jar!/org/springframework/web/servlet/view/freemarker/spring.ftl hasn't changed.
2019-10-22-11-02 [http-nio-9901-exec-7] [freemarker.cache] [DEBUG] - TemplateLoader.findTemplateSource("eureka/header_zh_CN.ftl"): Not found
2019-10-22-11-02 [http-nio-9901-exec-7] [freemarker.cache] [DEBUG] - TemplateLoader.findTemplateSource("eureka/header_zh.ftl"): Not found
2019-10-22-11-02 [http-nio-9901-exec-7] [freemarker.cache] [DEBUG] - TemplateLoader.findTemplateSource("eureka/header.ftl"): Found
2019-10-22-11-02 [http-nio-9901-exec-7] [freemarker.cache] [DEBUG] - "eureka/header.ftl"("zh_CN", UTF-8, parsed): using cached since class path resource [templates/eureka/header.ftl] hasn't changed.
2019-10-22-11-02 [http-nio-9901-exec-7] [freemarker.cache] [DEBUG] - "spring.ftl"("zh_CN", UTF-8, parsed) cached copy not yet stale; using cached.
2019-10-22-11-02 [http-nio-9901-exec-7] [freemarker.cache] [DEBUG] - TemplateLoader.findTemplateSource("eureka/navbar_zh_CN.ftl"): Not found
2019-10-22-11-02 [http-nio-9901-exec-7] [freemarker.cache] [DEBUG] - TemplateLoader.findTemplateSource("eureka/navbar_zh.ftl"): Not found
2019-10-22-11-02 [http-nio-9901-exec-7] [freemarker.cache] [DEBUG] - TemplateLoader.findTemplateSource("eureka/navbar.ftl"): Found
2019-10-22-11-02 [http-nio-9901-exec-7] [freemarker.cache] [DEBUG] - "eureka/navbar.ftl"("zh_CN", UTF-8, parsed): using cached since class path resource [templates/eureka/navbar.ftl] hasn't changed.
2019-10-22-11-12 [http-nio-9901-exec-9] [freemarker.cache] [DEBUG] - TemplateLoader.findTemplateSource("eureka/status_zh_CN.ftl"): Not found
2019-10-22-11-12 [http-nio-9901-exec-9] [freemarker.cache] [DEBUG] - TemplateLoader.findTemplateSource("eureka/status_zh.ftl"): Not found
2019-10-22-11-12 [http-nio-9901-exec-9] [freemarker.cache] [DEBUG] - TemplateLoader.findTemplateSource("eureka/status.ftl"): Found
2019-10-22-11-12 [http-nio-9901-exec-9] [freemarker.cache] [DEBUG] - "eureka/status.ftl"("zh_CN", UTF-8, parsed): using cached since class path resource [templates/eureka/status.ftl] hasn't changed.
2019-10-22-11-12 [http-nio-9901-exec-9] [freemarker.cache] [DEBUG] - "eureka/status.ftl"("zh_CN", UTF-8, parsed) cached copy not yet stale; using cached.
2019-10-22-11-12 [http-nio-9901-exec-9] [freemarker.cache] [DEBUG] - TemplateLoader.findTemplateSource("spring_zh_CN.ftl"): Not found
2019-10-22-11-12 [http-nio-9901-exec-9] [freemarker.cache] [DEBUG] - TemplateLoader.findTemplateSource("spring_zh.ftl"): Not found
2019-10-22-11-12 [http-nio-9901-exec-9] [freemarker.cache] [DEBUG] - TemplateLoader.findTemplateSource("spring.ftl"): Found
2019-10-22-11-12 [http-nio-9901-exec-9] [freemarker.cache] [DEBUG] - "spring.ftl"("zh_CN", UTF-8, parsed): using cached since jar:file:/Users/chenyp/.m2/repository/org/springframework/spring-webmvc/5.0.7.RELEASE/spring-webmvc-5.0.7.RELEASE.jar!/org/springframework/web/servlet/view/freemarker/spring.ftl hasn't changed.
2019-10-22-11-12 [http-nio-9901-exec-9] [freemarker.cache] [DEBUG] - TemplateLoader.findTemplateSource("eureka/header_zh_CN.ftl"): Not found
2019-10-22-11-12 [http-nio-9901-exec-9] [freemarker.cache] [DEBUG] - TemplateLoader.findTemplateSource("eureka/header_zh.ftl"): Not found
2019-10-22-11-12 [http-nio-9901-exec-9] [freemarker.cache] [DEBUG] - TemplateLoader.findTemplateSource("eureka/header.ftl"): Found
2019-10-22-11-12 [http-nio-9901-exec-9] [freemarker.cache] [DEBUG] - "eureka/header.ftl"("zh_CN", UTF-8, parsed): using cached since class path resource [templates/eureka/header.ftl] hasn't changed.
2019-10-22-11-12 [http-nio-9901-exec-9] [freemarker.cache] [DEBUG] - "spring.ftl"("zh_CN", UTF-8, parsed) cached copy not yet stale; using cached.
2019-10-22-11-12 [http-nio-9901-exec-9] [freemarker.cache] [DEBUG] - TemplateLoader.findTemplateSource("eureka/navbar_zh_CN.ftl"): Not found
2019-10-22-11-12 [http-nio-9901-exec-9] [freemarker.cache] [DEBUG] - TemplateLoader.findTemplateSource("eureka/navbar_zh.ftl"): Not found
2019-10-22-11-12 [http-nio-9901-exec-9] [freemarker.cache] [DEBUG] - TemplateLoader.findTemplateSource("eureka/navbar.ftl"): Found
2019-10-22-11-12 [http-nio-9901-exec-9] [freemarker.cache] [DEBUG] - "eureka/navbar.ftl"("zh_CN", UTF-8, parsed): using cached since class path resource [templates/eureka/navbar.ftl] hasn't changed.
2019-10-22-11-40 [http-nio-9901-exec-5] [freemarker.cache] [DEBUG] - TemplateLoader.findTemplateSource("eureka/status_zh_CN.ftl"): Not found
2019-10-22-11-40 [http-nio-9901-exec-5] [freemarker.cache] [DEBUG] - TemplateLoader.findTemplateSource("eureka/status_zh.ftl"): Not found
2019-10-22-11-40 [http-nio-9901-exec-5] [freemarker.cache] [DEBUG] - TemplateLoader.findTemplateSource("eureka/status.ftl"): Found
2019-10-22-11-40 [http-nio-9901-exec-5] [freemarker.cache] [DEBUG] - "eureka/status.ftl"("zh_CN", UTF-8, parsed): using cached since class path resource [templates/eureka/status.ftl] hasn't changed.
2019-10-22-11-40 [http-nio-9901-exec-5] [freemarker.cache] [DEBUG] - "eureka/status.ftl"("zh_CN", UTF-8, parsed) cached copy not yet stale; using cached.
2019-10-22-11-40 [http-nio-9901-exec-5] [freemarker.cache] [DEBUG] - TemplateLoader.findTemplateSource("spring_zh_CN.ftl"): Not found
2019-10-22-11-40 [http-nio-9901-exec-5] [freemarker.cache] [DEBUG] - TemplateLoader.findTemplateSource("spring_zh.ftl"): Not found
2019-10-22-11-40 [http-nio-9901-exec-5] [freemarker.cache] [DEBUG] - TemplateLoader.findTemplateSource("spring.ftl"): Found
2019-10-22-11-40 [http-nio-9901-exec-5] [freemarker.cache] [DEBUG] - "spring.ftl"("zh_CN", UTF-8, parsed): using cached since jar:file:/Users/chenyp/.m2/repository/org/springframework/spring-webmvc/5.0.7.RELEASE/spring-webmvc-5.0.7.RELEASE.jar!/org/springframework/web/servlet/view/freemarker/spring.ftl hasn't changed.
2019-10-22-11-40 [http-nio-9901-exec-5] [freemarker.cache] [DEBUG] - TemplateLoader.findTemplateSource("eureka/header_zh_CN.ftl"): Not found
2019-10-22-11-40 [http-nio-9901-exec-5] [freemarker.cache] [DEBUG] - TemplateLoader.findTemplateSource("eureka/header_zh.ftl"): Not found
2019-10-22-11-40 [http-nio-9901-exec-5] [freemarker.cache] [DEBUG] - TemplateLoader.findTemplateSource("eureka/header.ftl"): Found
2019-10-22-11-40 [http-nio-9901-exec-5] [freemarker.cache] [DEBUG] - "eureka/header.ftl"("zh_CN", UTF-8, parsed): using cached since class path resource [templates/eureka/header.ftl] hasn't changed.
2019-10-22-11-40 [http-nio-9901-exec-5] [freemarker.cache] [DEBUG] - "spring.ftl"("zh_CN", UTF-8, parsed) cached copy not yet stale; using cached.
2019-10-22-11-40 [http-nio-9901-exec-5] [freemarker.cache] [DEBUG] - TemplateLoader.findTemplateSource("eureka/navbar_zh_CN.ftl"): Not found
2019-10-22-11-40 [http-nio-9901-exec-5] [freemarker.cache] [DEBUG] - TemplateLoader.findTemplateSource("eureka/navbar_zh.ftl"): Not found
2019-10-22-11-40 [http-nio-9901-exec-5] [freemarker.cache] [DEBUG] - TemplateLoader.findTemplateSource("eureka/navbar.ftl"): Found
2019-10-22-11-40 [http-nio-9901-exec-5] [freemarker.cache] [DEBUG] - "eureka/navbar.ftl"("zh_CN", UTF-8, parsed): using cached since class path resource [templates/eureka/navbar.ftl] hasn't changed.
2019-10-22-14-24 [http-nio-9901-exec-9] [freemarker.cache] [DEBUG] - Couldn't find template in cache for "error.ftl"("zh_CN", UTF-8, parsed); will try to load it.
2019-10-22-14-24 [http-nio-9901-exec-9] [freemarker.cache] [DEBUG] - TemplateLoader.findTemplateSource("error_zh_CN.ftl"): Not found
2019-10-22-14-24 [http-nio-9901-exec-9] [freemarker.cache] [DEBUG] - TemplateLoader.findTemplateSource("error_zh.ftl"): Not found
2019-10-22-14-24 [http-nio-9901-exec-9] [freemarker.cache] [DEBUG] - TemplateLoader.findTemplateSource("error.ftl"): Not found
2019-10-22-14-24 [http-nio-9901-exec-4] [freemarker.cache] [DEBUG] - "error.ftl"("zh_CN", UTF-8, parsed) cached copy not yet stale; using cached.
2019-10-22-14-46 [http-nio-9901-exec-3] [freemarker.cache] [DEBUG] - Couldn't find template in cache for "eureka/status.ftl"("zh_CN", UTF-8, parsed); will try to load it.
2019-10-22-14-46 [http-nio-9901-exec-3] [freemarker.cache] [DEBUG] - TemplateLoader.findTemplateSource("eureka/status_zh_CN.ftl"): Not found
2019-10-22-14-46 [http-nio-9901-exec-3] [freemarker.cache] [DEBUG] - TemplateLoader.findTemplateSource("eureka/status_zh.ftl"): Not found
2019-10-22-14-46 [http-nio-9901-exec-3] [freemarker.cache] [DEBUG] - TemplateLoader.findTemplateSource("eureka/status.ftl"): Found
2019-10-22-14-46 [http-nio-9901-exec-3] [freemarker.cache] [DEBUG] - Loading template for "eureka/status.ftl"("zh_CN", UTF-8, parsed) from "class path resource [templates/eureka/status.ftl]"
2019-10-22-14-46 [http-nio-9901-exec-3] [freemarker.cache] [DEBUG] - "eureka/status.ftl"("zh_CN", UTF-8, parsed) cached copy not yet stale; using cached.
2019-10-22-14-46 [http-nio-9901-exec-3] [freemarker.cache] [DEBUG] - Couldn't find template in cache for "spring.ftl"("zh_CN", UTF-8, parsed); will try to load it.
2019-10-22-14-46 [http-nio-9901-exec-3] [freemarker.cache] [DEBUG] - TemplateLoader.findTemplateSource("spring_zh_CN.ftl"): Not found
2019-10-22-14-46 [http-nio-9901-exec-3] [freemarker.cache] [DEBUG] - TemplateLoader.findTemplateSource("spring_zh.ftl"): Not found
2019-10-22-14-46 [http-nio-9901-exec-3] [freemarker.cache] [DEBUG] - TemplateLoader.findTemplateSource("spring.ftl"): Found
2019-10-22-14-46 [http-nio-9901-exec-3] [freemarker.cache] [DEBUG] - Loading template for "spring.ftl"("zh_CN", UTF-8, parsed) from "jar:file:/Users/chenyp/.m2/repository/org/springframework/spring-webmvc/5.0.7.RELEASE/spring-webmvc-5.0.7.RELEASE.jar!/org/springframework/web/servlet/view/freemarker/spring.ftl"
2019-10-22-14-46 [http-nio-9901-exec-3] [freemarker.cache] [DEBUG] - Couldn't find template in cache for "eureka/header.ftl"("zh_CN", UTF-8, parsed); will try to load it.
2019-10-22-14-46 [http-nio-9901-exec-3] [freemarker.cache] [DEBUG] - TemplateLoader.findTemplateSource("eureka/header_zh_CN.ftl"): Not found
2019-10-22-14-46 [http-nio-9901-exec-3] [freemarker.cache] [DEBUG] - TemplateLoader.findTemplateSource("eureka/header_zh.ftl"): Not found
2019-10-22-14-46 [http-nio-9901-exec-3] [freemarker.cache] [DEBUG] - TemplateLoader.findTemplateSource("eureka/header.ftl"): Found
2019-10-22-14-46 [http-nio-9901-exec-3] [freemarker.cache] [DEBUG] - Loading template for "eureka/header.ftl"("zh_CN", UTF-8, parsed) from "class path resource [templates/eureka/header.ftl]"
2019-10-22-14-46 [http-nio-9901-exec-3] [freemarker.cache] [DEBUG] - "spring.ftl"("zh_CN", UTF-8, parsed) cached copy not yet stale; using cached.
2019-10-22-14-46 [http-nio-9901-exec-3] [freemarker.cache] [DEBUG] - Couldn't find template in cache for "eureka/navbar.ftl"("zh_CN", UTF-8, parsed); will try to load it.
2019-10-22-14-46 [http-nio-9901-exec-3] [freemarker.cache] [DEBUG] - TemplateLoader.findTemplateSource("eureka/navbar_zh_CN.ftl"): Not found
2019-10-22-14-46 [http-nio-9901-exec-3] [freemarker.cache] [DEBUG] - TemplateLoader.findTemplateSource("eureka/navbar_zh.ftl"): Not found
2019-10-22-14-46 [http-nio-9901-exec-3] [freemarker.cache] [DEBUG] - TemplateLoader.findTemplateSource("eureka/navbar.ftl"): Found
2019-10-22-14-46 [http-nio-9901-exec-3] [freemarker.cache] [DEBUG] - Loading template for "eureka/navbar.ftl"("zh_CN", UTF-8, parsed) from "class path resource [templates/eureka/navbar.ftl]"
2019-10-22-14-46 [http-nio-9901-exec-6] [freemarker.cache] [DEBUG] - "eureka/status.ftl"("zh_CN", UTF-8, parsed) cached copy not yet stale; using cached.
2019-10-22-14-46 [http-nio-9901-exec-6] [freemarker.cache] [DEBUG] - "eureka/status.ftl"("zh_CN", UTF-8, parsed) cached copy not yet stale; using cached.
2019-10-22-14-46 [http-nio-9901-exec-6] [freemarker.cache] [DEBUG] - "spring.ftl"("zh_CN", UTF-8, parsed) cached copy not yet stale; using cached.
2019-10-22-14-46 [http-nio-9901-exec-6] [freemarker.cache] [DEBUG] - "eureka/header.ftl"("zh_CN", UTF-8, parsed) cached copy not yet stale; using cached.
2019-10-22-14-46 [http-nio-9901-exec-6] [freemarker.cache] [DEBUG] - "spring.ftl"("zh_CN", UTF-8, parsed) cached copy not yet stale; using cached.
2019-10-22-14-46 [http-nio-9901-exec-6] [freemarker.cache] [DEBUG] - "eureka/navbar.ftl"("zh_CN", UTF-8, parsed) cached copy not yet stale; using cached.
